{"/Users/ryanjohnson/projects/MERN/Fitness-Assessment/client/app/actions/index.js": {"path":"/Users/ryanjohnson/projects/MERN/Fitness-Assessment/client/app/actions/index.js","statementMap":{"0":{"start":{"line":1,"column":26},"end":{"line":1,"column":38}},"1":{"start":{"line":2,"column":27},"end":{"line":2,"column":40}},"2":{"start":{"line":3,"column":23},"end":{"line":3,"column":32}},"3":{"start":{"line":4,"column":36},"end":{"line":4,"column":58}},"4":{"start":{"line":5,"column":31},"end":{"line":5,"column":48}},"5":{"start":{"line":6,"column":34},"end":{"line":6,"column":54}},"6":{"start":{"line":7,"column":32},"end":{"line":7,"column":50}},"7":{"start":{"line":9,"column":25},"end":{"line":12,"column":2}},"8":{"start":{"line":9,"column":36},"end":{"line":12,"column":1}},"9":{"start":{"line":14,"column":33},"end":{"line":19,"column":1}},"10":{"start":{"line":15,"column":4},"end":{"line":18,"column":5}},"11":{"start":{"line":21,"column":32},"end":{"line":26,"column":1}},"12":{"start":{"line":22,"column":4},"end":{"line":25,"column":5}},"13":{"start":{"line":28,"column":33},"end":{"line":33,"column":1}},"14":{"start":{"line":29,"column":4},"end":{"line":32,"column":5}}},"fnMap":{"0":{"name":"(anonymous_0)","decl":{"start":{"line":9,"column":25},"end":{"line":9,"column":26}},"loc":{"start":{"line":9,"column":36},"end":{"line":12,"column":1}},"line":9},"1":{"name":"(anonymous_1)","decl":{"start":{"line":14,"column":33},"end":{"line":14,"column":34}},"loc":{"start":{"line":14,"column":41},"end":{"line":19,"column":1}},"line":14},"2":{"name":"(anonymous_2)","decl":{"start":{"line":21,"column":32},"end":{"line":21,"column":33}},"loc":{"start":{"line":21,"column":40},"end":{"line":26,"column":1}},"line":21},"3":{"name":"(anonymous_3)","decl":{"start":{"line":28,"column":33},"end":{"line":28,"column":34}},"loc":{"start":{"line":28,"column":44},"end":{"line":33,"column":1}},"line":28}},"branchMap":{},"s":{"0":1,"1":1,"2":1,"3":1,"4":1,"5":1,"6":1,"7":1,"8":0,"9":1,"10":0,"11":1,"12":0,"13":1,"14":0},"f":{"0":0,"1":0,"2":0,"3":0},"b":{},"_coverageSchema":"43e27e138ebf9cfc5966b082cf9a028302ed4184","hash":"7fb8b9cd499b7559bca0861b90a207c4a041f68c"}
,"/Users/ryanjohnson/projects/MERN/Fitness-Assessment/client/app/calculations/calculate-fitness-input.js": {"path":"/Users/ryanjohnson/projects/MERN/Fitness-Assessment/client/app/calculations/calculate-fitness-input.js","statementMap":{"0":{"start":{"line":9,"column":8},"end":{"line":9,"column":18}},"1":{"start":{"line":10,"column":25},"end":{"line":10,"column":56}},"2":{"start":{"line":16,"column":24},"end":{"line":16,"column":26}},"3":{"start":{"line":27,"column":4},"end":{"line":27,"column":44}},"4":{"start":{"line":28,"column":4},"end":{"line":28,"column":38}},"5":{"start":{"line":29,"column":4},"end":{"line":29,"column":40}},"6":{"start":{"line":30,"column":4},"end":{"line":30,"column":39}},"7":{"start":{"line":32,"column":4},"end":{"line":74,"column":5}},"8":{"start":{"line":33,"column":8},"end":{"line":37,"column":9}},"9":{"start":{"line":38,"column":11},"end":{"line":74,"column":5}},"10":{"start":{"line":39,"column":8},"end":{"line":43,"column":9}},"11":{"start":{"line":44,"column":11},"end":{"line":74,"column":5}},"12":{"start":{"line":48,"column":8},"end":{"line":52,"column":9}},"13":{"start":{"line":53,"column":11},"end":{"line":74,"column":5}},"14":{"start":{"line":54,"column":8},"end":{"line":58,"column":9}},"15":{"start":{"line":59,"column":11},"end":{"line":74,"column":5}},"16":{"start":{"line":60,"column":8},"end":{"line":64,"column":9}},"17":{"start":{"line":65,"column":11},"end":{"line":74,"column":5}},"18":{"start":{"line":69,"column":8},"end":{"line":73,"column":9}},"19":{"start":{"line":75,"column":4},"end":{"line":75,"column":22}}},"fnMap":{"0":{"name":"(anonymous_0)","decl":{"start":{"line":1,"column":15},"end":{"line":1,"column":16}},"loc":{"start":{"line":1,"column":29},"end":{"line":76,"column":1}},"line":1}},"branchMap":{"0":{"loc":{"start":{"line":32,"column":4},"end":{"line":74,"column":5}},"type":"if","locations":[{"start":{"line":32,"column":4},"end":{"line":74,"column":5}},{"start":{"line":32,"column":4},"end":{"line":74,"column":5}}],"line":32},"1":{"loc":{"start":{"line":32,"column":8},"end":{"line":32,"column":68}},"type":"binary-expr","locations":[{"start":{"line":32,"column":8},"end":{"line":32,"column":23}},{"start":{"line":32,"column":27},"end":{"line":32,"column":68}}],"line":32},"2":{"loc":{"start":{"line":38,"column":11},"end":{"line":74,"column":5}},"type":"if","locations":[{"start":{"line":38,"column":11},"end":{"line":74,"column":5}},{"start":{"line":38,"column":11},"end":{"line":74,"column":5}}],"line":38},"3":{"loc":{"start":{"line":38,"column":15},"end":{"line":38,"column":74}},"type":"binary-expr","locations":[{"start":{"line":38,"column":15},"end":{"line":38,"column":30}},{"start":{"line":38,"column":34},"end":{"line":38,"column":74}}],"line":38},"4":{"loc":{"start":{"line":44,"column":11},"end":{"line":74,"column":5}},"type":"if","locations":[{"start":{"line":44,"column":11},"end":{"line":74,"column":5}},{"start":{"line":44,"column":11},"end":{"line":74,"column":5}}],"line":44},"5":{"loc":{"start":{"line":45,"column":8},"end":{"line":46,"column":64}},"type":"binary-expr","locations":[{"start":{"line":45,"column":8},"end":{"line":45,"column":23}},{"start":{"line":46,"column":8},"end":{"line":46,"column":64}}],"line":45},"6":{"loc":{"start":{"line":53,"column":11},"end":{"line":74,"column":5}},"type":"if","locations":[{"start":{"line":53,"column":11},"end":{"line":74,"column":5}},{"start":{"line":53,"column":11},"end":{"line":74,"column":5}}],"line":53},"7":{"loc":{"start":{"line":53,"column":15},"end":{"line":53,"column":77}},"type":"binary-expr","locations":[{"start":{"line":53,"column":15},"end":{"line":53,"column":32}},{"start":{"line":53,"column":36},"end":{"line":53,"column":77}}],"line":53},"8":{"loc":{"start":{"line":59,"column":11},"end":{"line":74,"column":5}},"type":"if","locations":[{"start":{"line":59,"column":11},"end":{"line":74,"column":5}},{"start":{"line":59,"column":11},"end":{"line":74,"column":5}}],"line":59},"9":{"loc":{"start":{"line":59,"column":15},"end":{"line":59,"column":76}},"type":"binary-expr","locations":[{"start":{"line":59,"column":15},"end":{"line":59,"column":32}},{"start":{"line":59,"column":36},"end":{"line":59,"column":76}}],"line":59},"10":{"loc":{"start":{"line":65,"column":11},"end":{"line":74,"column":5}},"type":"if","locations":[{"start":{"line":65,"column":11},"end":{"line":74,"column":5}},{"start":{"line":65,"column":11},"end":{"line":74,"column":5}}],"line":65},"11":{"loc":{"start":{"line":66,"column":8},"end":{"line":67,"column":64}},"type":"binary-expr","locations":[{"start":{"line":66,"column":8},"end":{"line":66,"column":25}},{"start":{"line":67,"column":8},"end":{"line":67,"column":64}}],"line":66}},"s":{"0":1,"1":1,"2":1,"3":1,"4":1,"5":1,"6":1,"7":1,"8":0,"9":1,"10":0,"11":1,"12":0,"13":1,"14":0,"15":1,"16":0,"17":1,"18":0,"19":1},"f":{"0":1},"b":{"0":[0,1],"1":[1,0],"2":[0,1],"3":[1,0],"4":[0,1],"5":[1,0],"6":[0,1],"7":[1,0],"8":[0,1],"9":[1,0],"10":[0,1],"11":[1,0]},"_coverageSchema":"43e27e138ebf9cfc5966b082cf9a028302ed4184","hash":"4ea5341e83af9e0de537de8c9eb2e648362672d4"}
,"/Users/ryanjohnson/projects/MERN/Fitness-Assessment/client/app/components/headers/index.js": {"path":"/Users/ryanjohnson/projects/MERN/Fitness-Assessment/client/app/components/headers/index.js","statementMap":{"0":{"start":{"line":3,"column":15},"end":{"line":7,"column":1}},"1":{"start":{"line":4,"column":4},"end":{"line":6,"column":10}}},"fnMap":{"0":{"name":"(anonymous_0)","decl":{"start":{"line":3,"column":15},"end":{"line":3,"column":16}},"loc":{"start":{"line":4,"column":4},"end":{"line":6,"column":10}},"line":4}},"branchMap":{},"s":{"0":1,"1":1},"f":{"0":1},"b":{},"_coverageSchema":"43e27e138ebf9cfc5966b082cf9a028302ed4184","hash":"8972963c3bdea279cc7a46ac06e90dde5ac67f4d"}
,"/Users/ryanjohnson/projects/MERN/Fitness-Assessment/client/app/components/navigations/index.js": {"path":"/Users/ryanjohnson/projects/MERN/Fitness-Assessment/client/app/components/navigations/index.js","statementMap":{"0":{"start":{"line":16,"column":12},"end":{"line":22,"column":5}},"1":{"start":{"line":25,"column":8},"end":{"line":25,"column":26}},"2":{"start":{"line":26,"column":8},"end":{"line":26,"column":34}},"3":{"start":{"line":27,"column":8},"end":{"line":27,"column":29}},"4":{"start":{"line":31,"column":8},"end":{"line":33,"column":10}},"5":{"start":{"line":37,"column":8},"end":{"line":37,"column":43}},"6":{"start":{"line":40,"column":68},"end":{"line":40,"column":78}},"7":{"start":{"line":41,"column":38},"end":{"line":41,"column":48}},"8":{"start":{"line":42,"column":8},"end":{"line":42,"column":32}},"9":{"start":{"line":42,"column":21},"end":{"line":42,"column":32}},"10":{"start":{"line":43,"column":8},"end":{"line":246,"column":9}},"11":{"start":{"line":49,"column":24},"end":{"line":49,"column":58}},"12":{"start":{"line":57,"column":36},"end":{"line":57,"column":71}},"13":{"start":{"line":67,"column":36},"end":{"line":67,"column":71}},"14":{"start":{"line":77,"column":36},"end":{"line":77,"column":71}},"15":{"start":{"line":87,"column":36},"end":{"line":87,"column":71}},"16":{"start":{"line":96,"column":46},"end":{"line":96,"column":60}},"17":{"start":{"line":105,"column":40},"end":{"line":105,"column":75}},"18":{"start":{"line":117,"column":40},"end":{"line":117,"column":75}},"19":{"start":{"line":168,"column":46},"end":{"line":168,"column":60}},"20":{"start":{"line":194,"column":36},"end":{"line":194,"column":76}}},"fnMap":{"0":{"name":"(anonymous_0)","decl":{"start":{"line":24,"column":4},"end":{"line":24,"column":5}},"loc":{"start":{"line":24,"column":14},"end":{"line":28,"column":5}},"line":24},"1":{"name":"(anonymous_1)","decl":{"start":{"line":30,"column":4},"end":{"line":30,"column":5}},"loc":{"start":{"line":30,"column":21},"end":{"line":34,"column":5}},"line":30},"2":{"name":"(anonymous_2)","decl":{"start":{"line":36,"column":4},"end":{"line":36,"column":5}},"loc":{"start":{"line":36,"column":24},"end":{"line":38,"column":5}},"line":36},"3":{"name":"(anonymous_3)","decl":{"start":{"line":39,"column":4},"end":{"line":39,"column":5}},"loc":{"start":{"line":39,"column":13},"end":{"line":247,"column":5}},"line":39},"4":{"name":"(anonymous_4)","decl":{"start":{"line":48,"column":30},"end":{"line":48,"column":31}},"loc":{"start":{"line":48,"column":38},"end":{"line":50,"column":21}},"line":48},"5":{"name":"(anonymous_5)","decl":{"start":{"line":56,"column":41},"end":{"line":56,"column":42}},"loc":{"start":{"line":57,"column":36},"end":{"line":57,"column":71}},"line":57},"6":{"name":"(anonymous_6)","decl":{"start":{"line":66,"column":41},"end":{"line":66,"column":42}},"loc":{"start":{"line":67,"column":36},"end":{"line":67,"column":71}},"line":67},"7":{"name":"(anonymous_7)","decl":{"start":{"line":76,"column":41},"end":{"line":76,"column":42}},"loc":{"start":{"line":77,"column":36},"end":{"line":77,"column":71}},"line":77},"8":{"name":"(anonymous_8)","decl":{"start":{"line":86,"column":41},"end":{"line":86,"column":42}},"loc":{"start":{"line":87,"column":36},"end":{"line":87,"column":71}},"line":87},"9":{"name":"(anonymous_9)","decl":{"start":{"line":96,"column":41},"end":{"line":96,"column":42}},"loc":{"start":{"line":96,"column":46},"end":{"line":96,"column":60}},"line":96},"10":{"name":"(anonymous_10)","decl":{"start":{"line":104,"column":45},"end":{"line":104,"column":46}},"loc":{"start":{"line":105,"column":40},"end":{"line":105,"column":75}},"line":105},"11":{"name":"(anonymous_11)","decl":{"start":{"line":116,"column":45},"end":{"line":116,"column":46}},"loc":{"start":{"line":117,"column":40},"end":{"line":117,"column":75}},"line":117},"12":{"name":"(anonymous_12)","decl":{"start":{"line":168,"column":41},"end":{"line":168,"column":42}},"loc":{"start":{"line":168,"column":46},"end":{"line":168,"column":60}},"line":168},"13":{"name":"(anonymous_13)","decl":{"start":{"line":193,"column":41},"end":{"line":193,"column":42}},"loc":{"start":{"line":194,"column":36},"end":{"line":194,"column":76}},"line":194}},"branchMap":{"0":{"loc":{"start":{"line":42,"column":8},"end":{"line":42,"column":32}},"type":"if","locations":[{"start":{"line":42,"column":8},"end":{"line":42,"column":32}},{"start":{"line":42,"column":8},"end":{"line":42,"column":32}}],"line":42},"1":{"loc":{"start":{"line":94,"column":25},"end":{"line":112,"column":25}},"type":"cond-expr","locations":[{"start":{"line":95,"column":28},"end":{"line":100,"column":34}},{"start":{"line":102,"column":28},"end":{"line":111,"column":35}}],"line":94},"2":{"loc":{"start":{"line":113,"column":25},"end":{"line":124,"column":25}},"type":"binary-expr","locations":[{"start":{"line":113,"column":25},"end":{"line":113,"column":34}},{"start":{"line":114,"column":28},"end":{"line":123,"column":35}}],"line":113},"3":{"loc":{"start":{"line":166,"column":25},"end":{"line":179,"column":25}},"type":"cond-expr","locations":[{"start":{"line":167,"column":28},"end":{"line":172,"column":37}},{"start":{"line":174,"column":28},"end":{"line":178,"column":35}}],"line":166},"4":{"loc":{"start":{"line":180,"column":25},"end":{"line":189,"column":25}},"type":"binary-expr","locations":[{"start":{"line":180,"column":25},"end":{"line":180,"column":34}},{"start":{"line":181,"column":28},"end":{"line":188,"column":35}}],"line":180}},"s":{"0":1,"1":0,"2":0,"3":0,"4":0,"5":1,"6":2,"7":2,"8":2,"9":0,"10":2,"11":0,"12":0,"13":0,"14":0,"15":0,"16":0,"17":0,"18":0,"19":0,"20":0},"f":{"0":0,"1":0,"2":1,"3":2,"4":0,"5":0,"6":0,"7":0,"8":0,"9":0,"10":0,"11":0,"12":0,"13":0},"b":{"0":[0,2],"1":[0,2],"2":[2,2],"3":[0,2],"4":[2,2]},"_coverageSchema":"43e27e138ebf9cfc5966b082cf9a028302ed4184","hash":"3f8515917496224eef17b304c3d8a309b2e8cec4"}
}
