TN:
SF:/Users/ryanjohnson/projects/MERN/Fitness-Assessment/client/app/actions/index.js
FN:9,(anonymous_0)
FN:14,(anonymous_1)
FN:21,(anonymous_2)
FN:28,(anonymous_3)
FNF:4
FNH:0
FNDA:0,(anonymous_0)
FNDA:0,(anonymous_1)
FNDA:0,(anonymous_2)
FNDA:0,(anonymous_3)
DA:1,1
DA:2,1
DA:3,1
DA:4,1
DA:5,1
DA:6,1
DA:7,1
DA:9,1
DA:14,1
DA:15,0
DA:21,1
DA:22,0
DA:28,1
DA:29,0
LF:14
LH:11
BRF:0
BRH:0
end_of_record
TN:
SF:/Users/ryanjohnson/projects/MERN/Fitness-Assessment/client/app/calculations/calculate-fitness-input.js
FN:1,(anonymous_0)
FNF:1
FNH:1
FNDA:1,(anonymous_0)
DA:9,1
DA:10,1
DA:16,1
DA:27,1
DA:28,1
DA:29,1
DA:30,1
DA:32,1
DA:33,0
DA:38,1
DA:39,0
DA:44,1
DA:48,0
DA:53,1
DA:54,0
DA:59,1
DA:60,0
DA:65,1
DA:69,0
DA:75,1
LF:20
LH:14
BRDA:32,0,0,0
BRDA:32,0,1,1
BRDA:32,1,0,1
BRDA:32,1,1,0
BRDA:38,2,0,0
BRDA:38,2,1,1
BRDA:38,3,0,1
BRDA:38,3,1,0
BRDA:44,4,0,0
BRDA:44,4,1,1
BRDA:45,5,0,1
BRDA:45,5,1,0
BRDA:53,6,0,0
BRDA:53,6,1,1
BRDA:53,7,0,1
BRDA:53,7,1,0
BRDA:59,8,0,0
BRDA:59,8,1,1
BRDA:59,9,0,1
BRDA:59,9,1,0
BRDA:65,10,0,0
BRDA:65,10,1,1
BRDA:66,11,0,1
BRDA:66,11,1,0
BRF:24
BRH:12
end_of_record
TN:
SF:/Users/ryanjohnson/projects/MERN/Fitness-Assessment/client/app/components/headers/index.js
FN:3,(anonymous_0)
FNF:1
FNH:1
FNDA:1,(anonymous_0)
DA:3,1
DA:4,1
LF:2
LH:2
BRF:0
BRH:0
end_of_record
TN:
SF:/Users/ryanjohnson/projects/MERN/Fitness-Assessment/client/app/components/navigations/index.js
FN:24,(anonymous_0)
FN:30,(anonymous_1)
FN:36,(anonymous_2)
FN:39,(anonymous_3)
FN:48,(anonymous_4)
FN:56,(anonymous_5)
FN:66,(anonymous_6)
FN:76,(anonymous_7)
FN:86,(anonymous_8)
FN:96,(anonymous_9)
FN:104,(anonymous_10)
FN:116,(anonymous_11)
FN:168,(anonymous_12)
FN:193,(anonymous_13)
FNF:14
FNH:2
FNDA:0,(anonymous_0)
FNDA:0,(anonymous_1)
FNDA:1,(anonymous_2)
FNDA:2,(anonymous_3)
FNDA:0,(anonymous_4)
FNDA:0,(anonymous_5)
FNDA:0,(anonymous_6)
FNDA:0,(anonymous_7)
FNDA:0,(anonymous_8)
FNDA:0,(anonymous_9)
FNDA:0,(anonymous_10)
FNDA:0,(anonymous_11)
FNDA:0,(anonymous_12)
FNDA:0,(anonymous_13)
DA:16,1
DA:25,0
DA:26,0
DA:27,0
DA:31,0
DA:37,1
DA:40,2
DA:41,2
DA:42,2
DA:43,2
DA:49,0
DA:57,0
DA:67,0
DA:77,0
DA:87,0
DA:96,0
DA:105,0
DA:117,0
DA:168,0
DA:194,0
LF:20
LH:6
BRDA:42,0,0,0
BRDA:42,0,1,2
BRDA:94,1,0,0
BRDA:94,1,1,2
BRDA:113,2,0,2
BRDA:113,2,1,2
BRDA:166,3,0,0
BRDA:166,3,1,2
BRDA:180,4,0,2
BRDA:180,4,1,2
BRF:10
BRH:7
end_of_record
